total: 44
#6

#	x	y	z	q1	q2	q3	q4		roll	pitch	yaw
0: 0	0	0	0	0	0	0	-nan	nan	-nan
1: 0	0	0	0	0	0	0	-nan	nan	-nan
2: 0	0	0	0	0	0	0	-nan	nan	-nan
3: 0	0	0	0	0	0	0	-nan	nan	-nan
4: 0	0	0	0	0	0	0	-nan	nan	-nan
5: 0	0	0	0	0	0	0	-nan	nan	-nan
6: 0	0	0	0	0	0	0	-nan	nan	-nan
7: 0	0	0	0	0	0	0	-nan	nan	-nan
8: 0	0	0	0	0	0	0	-nan	nan	-nan
9: 0	0	0	0	0	0	0	-nan	nan	-nan
10: 0	0	0	0	0	0	0	-nan	nan	-nan
11: 0	0	0	0	0	0	0	-nan	nan	-nan
12: 0	0.013	0	0	0	0	0	-nan	nan	-nan
13: -1.56894e-11	0.026	0	0	0	0	0	-nan	nan	-nan
14: -1.09919e-11	0.0261112	0	0	0	0	0	-nan	nan	-nan
15: -3.6511e-11	0.0261077	0	0	0	0	0	-nan	nan	-nan
16: 3.19209e-11	0.0261076	0	0	0	0	0	-nan	nan	-nan
17: -1.15074e-10	0.0261076	0	0	0	0	0	-nan	nan	-nan
18: -8.92849e-11	0.0261076	0	0	0	0	0	-nan	nan	-nan
19: -3.68306e-11	0.0261076	0	0	0	0	0	-nan	nan	-nan
20: -1.27692e-10	0.0261076	0	0	0	0	0	-nan	nan	-nan
21: -7.07314e-11	0.0261076	0	0	0	0	0	-nan	nan	-nan
22: -2.70324e-11	0.0431076	0	0	0	0	0	-nan	nan	-nan
23: 0.000197035	0.0433609	0	0	0	0	0	-nan	nan	-nan
24: 0.000198604	0.043341	0	0	0	0	0	-nan	nan	-nan
25: 0.000198643	0.0433404	0	0	0	0	0	-nan	nan	-nan
26: 0.000198666	0.0433401	0	0	0	0	0	-nan	nan	-nan
27: 0.000198684	0.0433399	0	0	0	0	0	-nan	nan	-nan
28: 0.0001987	0.0433397	0	0	0	0	0	-nan	nan	-nan
29: 0.000198713	0.0433395	0	0	0	0	0	-nan	nan	-nan
30: 0.000198724	0.0433394	0	0	0	0	0	-nan	nan	-nan
31: 0.000198733	0.0433392	0	0	0	0	0	-nan	nan	-nan
32: 0.000198741	0.0433468	0	0	0	0	0	-nan	nan	-nan
33: 0.000198741	0.0613468	0	0	0	0	0	-nan	nan	-nan
34: -0.0442144	0.0694442	0	0	0	0	0	-nan	nan	-nan
35: -0.0445799	0.0694861	0	0	0	0	0	-nan	nan	-nan
36: -0.0445895	0.0694871	0	0	0	0	0	-nan	nan	-nan
37: -0.0445951	0.0694877	0	0	0	0	0	-nan	nan	-nan
38: -0.0445996	0.0694882	0	0	0	0	0	-nan	nan	-nan
39: -0.0446033	0.0694886	0	0	0	0	0	-nan	nan	-nan
40: -0.0446064	0.069489	0	0	0	0	0	-nan	nan	-nan
41: -0.044609	0.0694893	0	0	0	0	0	-nan	nan	-nan
42: -0.0446113	0.0694895	0	0	0	0	0	-nan	nan	-nan
43: -0.0446113	0.0874895	0	0	0	0	0	-nan	nan	-nan
