total: 154
#324

#	x	y	z	q1	q2	q3	q4		roll	pitch	yaw
0: 0	0	0	0	0	0	0	-nan	nan	-nan
1: 0	0	0	0	0	0	0	-nan	nan	-nan
2: 0	0	0	0	0	0	0	-nan	nan	-nan
3: 0	0	0	0	0	0	0	-nan	nan	-nan
4: 0	0	0	0	0	0	0	-nan	nan	-nan
5: 0	0	0	0	0	0	0	-nan	nan	-nan
6: 0	0	0	0	0	0	0	-nan	nan	-nan
7: 0	0	0	0	0	0	0	-nan	nan	-nan
8: 0	0	0	0	0	0	0	-nan	nan	-nan
9: 0	0	0	0	0	0	0	-nan	nan	-nan
10: 0	0	0	0	0	0	0	-nan	nan	-nan
11: 0	0	0	0	0	0	0	-nan	nan	-nan
12: 0	0.013	0	0	0	0	0	-nan	nan	-nan
13: -1.56894e-11	0.026	0	0	0	0	0	-nan	nan	-nan
14: -1.09919e-11	0.0261112	0	0	0	0	0	-nan	nan	-nan
15: -3.6511e-11	0.0261077	0	0	0	0	0	-nan	nan	-nan
16: 3.19209e-11	0.0261076	0	0	0	0	0	-nan	nan	-nan
17: -1.15074e-10	0.0261076	0	0	0	0	0	-nan	nan	-nan
18: -8.92849e-11	0.0261076	0	0	0	0	0	-nan	nan	-nan
19: -3.68306e-11	0.0261076	0	0	0	0	0	-nan	nan	-nan
20: -1.27692e-10	0.0261076	0	0	0	0	0	-nan	nan	-nan
21: -7.07314e-11	0.0261076	0	0	0	0	0	-nan	nan	-nan
22: -2.70324e-11	0.0431076	0	0	0	0	0	-nan	nan	-nan
23: 0.000197035	0.0433609	0	0	0	0	0	-nan	nan	-nan
24: 0.000198604	0.043341	0	0	0	0	0	-nan	nan	-nan
25: 0.000198643	0.0433404	0	0	0	0	0	-nan	nan	-nan
26: 0.000198666	0.0433401	0	0	0	0	0	-nan	nan	-nan
27: 0.000198684	0.0433399	0	0	0	0	0	-nan	nan	-nan
28: 0.0001987	0.0433397	0	0	0	0	0	-nan	nan	-nan
29: 0.000198713	0.0433395	0	0	0	0	0	-nan	nan	-nan
30: 0.000198724	0.0433394	0	0	0	0	0	-nan	nan	-nan
31: 0.000198733	0.0433392	0	0	0	0	0	-nan	nan	-nan
32: 0.000198741	0.0433468	0	0	0	0	0	-nan	nan	-nan
33: 0.000198741	0.0613468	0	0	0	0	0	-nan	nan	-nan
34: -0.0442144	0.0694442	0	0	0	0	0	-nan	nan	-nan
35: -0.0445799	0.0694861	0	0	0	0	0	-nan	nan	-nan
36: -0.0445895	0.0694871	0	0	0	0	0	-nan	nan	-nan
37: -0.0445951	0.0694877	0	0	0	0	0	-nan	nan	-nan
38: -0.0445996	0.0694882	0	0	0	0	0	-nan	nan	-nan
39: -0.0446033	0.0694886	0	0	0	0	0	-nan	nan	-nan
40: -0.0446064	0.069489	0	0	0	0	0	-nan	nan	-nan
41: -0.044609	0.0694893	0	0	0	0	0	-nan	nan	-nan
42: -0.0446113	0.0694895	0	0	0	0	0	-nan	nan	-nan
43: -0.0446113	0.0874895	0	0	0	0	0	-nan	nan	-nan
44: -0.0771386	0.0479453	0	0	0	0	0	-nan	nan	-nan
45: -0.0774253	0.0475312	0	0	0	0	0	-nan	nan	-nan
46: -0.0774531	0.0474907	0	0	0	0	0	-nan	nan	-nan
47: -0.0774699	0.0474663	0	0	0	0	0	-nan	nan	-nan
48: -0.0774816	0.0474494	0	0	0	0	0	-nan	nan	-nan
49: -0.0774901	0.0474371	0	0	0	0	0	-nan	nan	-nan
50: -0.0774966	0.0474277	0	0	0	0	0	-nan	nan	-nan
51: -0.0775017	0.0474203	0	0	0	0	0	-nan	nan	-nan
52: -0.0775059	0.0474143	0	0	0	0	0	-nan	nan	-nan
53: -0.0775059	0.0654143	0	0	0	0	0	-nan	nan	-nan
54: -0.126596	0.121429	0	0	0	0	0	-nan	nan	-nan
55: -0.126953	0.121795	0	0	0	0	0	-nan	nan	-nan
56: -0.126976	0.121819	0	0	0	0	0	-nan	nan	-nan
57: -0.126991	0.121834	0	0	0	0	0	-nan	nan	-nan
58: -0.127001	0.121845	0	0	0	0	0	-nan	nan	-nan
59: -0.12701	0.121853	0	0	0	0	0	-nan	nan	-nan
60: -0.127016	0.121859	0	0	0	0	0	-nan	nan	-nan
61: -0.127021	0.121865	0	0	0	0	0	-nan	nan	-nan
62: -0.127025	0.121869	0	0	0	0	0	-nan	nan	-nan
63: -0.127025	0.139869	0	0	0	0	0	-nan	nan	-nan
64: -0.186186	0.0855544	0	0	0	0	0	-nan	nan	-nan
65: -0.186585	0.085155	0	0	0	0	0	-nan	nan	-nan
66: -0.186606	0.0851336	0	0	0	0	0	-nan	nan	-nan
67: -0.186619	0.08512	0	0	0	0	0	-nan	nan	-nan
68: -0.186629	0.08511	0	0	0	0	0	-nan	nan	-nan
69: -0.186637	0.0851022	0	0	0	0	0	-nan	nan	-nan
70: -0.186643	0.0850961	0	0	0	0	0	-nan	nan	-nan
71: -0.186648	0.0850911	0	0	0	0	0	-nan	nan	-nan
72: -0.186652	0.085087	0	0	0	0	0	-nan	nan	-nan
73: -0.186652	0.103087	0	0	0	0	0	-nan	nan	-nan
74: -0.144144	0.183556	0	0	0	0	0	-nan	nan	-nan
75: -0.143877	0.184034	0	0	0	0	0	-nan	nan	-nan
76: -0.143866	0.184054	0	0	0	0	0	-nan	nan	-nan
77: -0.143858	0.184068	0	0	0	0	0	-nan	nan	-nan
78: -0.143853	0.184078	0	0	0	0	0	-nan	nan	-nan
79: -0.143848	0.184085	0	0	0	0	0	-nan	nan	-nan
80: -0.143845	0.184092	0	0	0	0	0	-nan	nan	-nan
81: -0.143842	0.184097	0	0	0	0	0	-nan	nan	-nan
82: -0.143839	0.184207	0	0	0	0	0	-nan	nan	-nan
83: -0.143839	0.220207	0	0	0	0	0	-nan	nan	-nan
84: -0.137545	0.322672	0	0	0	0	0	-nan	nan	-nan
85: -0.137502	0.323308	0	0	0	0	0	-nan	nan	-nan
86: -0.1375	0.323338	0	0	0	0	0	-nan	nan	-nan
87: -0.137499	0.323358	0	0	0	0	0	-nan	nan	-nan
88: -0.137498	0.323372	0	0	0	0	0	-nan	nan	-nan
89: -0.137497	0.323384	0	0	0	0	0	-nan	nan	-nan
90: -0.137496	0.323393	0	0	0	0	0	-nan	nan	-nan
91: -0.137496	0.323286	0	0	0	0	0	-nan	nan	-nan
92: -0.137496	0.341286	0	0	0	0	0	-nan	nan	-nan
93: -0.232031	0.353137	0	0	0	0	0	-nan	nan	-nan
94: -0.232891	0.353205	0	0	0	0	0	-nan	nan	-nan
95: -0.232931	0.353208	0	0	0	0	0	-nan	nan	-nan
96: -0.232955	0.35321	0	0	0	0	0	-nan	nan	-nan
97: -0.232973	0.353211	0	0	0	0	0	-nan	nan	-nan
98: -0.232988	0.353212	0	0	0	0	0	-nan	nan	-nan
99: -0.232988	0.387212	0	0	0	0	0	-nan	nan	-nan
100: -0.326693	0.359618	0	0	0	0	0	-nan	nan	-nan
101: -0.327364	0.359325	0	0	0	0	0	-nan	nan	-nan
102: -0.327424	0.359298	0	0	0	0	0	-nan	nan	-nan
103: -0.327461	0.359282	0	0	0	0	0	-nan	nan	-nan
104: -0.327461	0.358282	0	0	0	0	0	-nan	nan	-nan
105: -0.47047	0.319807	0	0	0	0	0	-nan	nan	-nan
106: -0.471598	0.319505	0	0	0	0	0	-nan	nan	-nan
107: -0.47164	0.319494	0	0	0	0	0	-nan	nan	-nan
108: -0.47164	0.324494	0	0	0	0	0	-nan	nan	-nan
109: -0.47164	0.324535	0	0	0	0	0	-nan	nan	-nan
110: -0.47164	0.324535	0	0	0	0	0	-nan	nan	-nan
111: -0.47164	0.340535	0	0	0	0	0	-nan	nan	-nan
112: -0.47164	0.340659	0	0	0	0	0	-nan	nan	-nan
113: -0.47164	0.456659	0	0	0	0	0	-nan	nan	-nan
114: -0.488564	0.552333	0	0	0	0	0	-nan	nan	-nan
115: -0.488564	0.593333	0	0	0	0	0	-nan	nan	-nan
116: -0.764911	0.660825	0	0	0	0	0	-nan	nan	-nan
117: -0.764911	0.663825	0	0	0	0	0	-nan	nan	-nan
118: -0.764911	0.663825	0	0	0	0	0	-nan	nan	-nan
119: -0.764911	0.663825	0	0	0	0	0	-nan	nan	-nan
120: -0.764911	0.668825	0	0	0	0	0	-nan	nan	-nan
121: -0.764911	0.702825	0	0	0	0	0	-nan	nan	-nan
122: -0.764911	0.720825	0	0	0	0	0	-nan	nan	-nan
123: -0.764911	0.738825	0	0	0	0	0	-nan	nan	-nan
124: -0.764911	0.756825	0	0	0	0	0	-nan	nan	-nan
125: -0.764911	0.760825	0	0	0	0	0	-nan	nan	-nan
126: -0.764911	0.777825	0	0	0	0	0	-nan	nan	-nan
127: -0.764911	0.795825	0	0	0	0	0	-nan	nan	-nan
128: -0.764911	0.804825	0	0	0	0	0	-nan	nan	-nan
129: -0.764911	0.812825	0	0	0	0	0	-nan	nan	-nan
130: -0.764911	0.812825	0	0	0	0	0	-nan	nan	-nan
131: -0.764911	0.830825	0	0	0	0	0	-nan	nan	-nan
132: -0.764911	0.839825	0	0	0	0	0	-nan	nan	-nan
133: -0.764911	0.857825	0	0	0	0	0	-nan	nan	-nan
134: -0.764911	0.866825	0	0	0	0	0	-nan	nan	-nan
135: -0.764911	0.884825	0	0	0	0	0	-nan	nan	-nan
136: -0.764911	0.893825	0	0	0	0	0	-nan	nan	-nan
137: -0.764911	0.911825	0	0	0	0	0	-nan	nan	-nan
138: -0.765911	0.928825	0	0	0	0	0	-nan	nan	-nan
139: -0.769911	0.936825	0	0	0	0	0	-nan	nan	-nan
140: -0.776911	0.941825	0	0	0	0	0	-nan	nan	-nan
141: -0.787911	0.943825	0	0	0	0	0	-nan	nan	-nan
142: -0.805911	0.938825	0	0	0	0	0	-nan	nan	-nan
143: -0.819911	0.925825	0	0	0	0	0	-nan	nan	-nan
144: -0.822911	0.916825	0	0	0	0	0	-nan	nan	-nan
145: -0.820911	0.808825	0	0	0	0	0	-nan	nan	-nan
146: -0.818911	0.799825	0	0	0	0	0	-nan	nan	-nan
147: -0.812911	0.781825	0	0	0	0	0	-nan	nan	-nan
148: -0.807911	0.764825	0	0	0	0	0	-nan	nan	-nan
149: -0.800911	0.758825	0	0	0	0	0	-nan	nan	-nan
150: -0.782911	0.758825	0	0	0	0	0	-nan	nan	-nan
151: -0.775911	0.763826	0	0	0	0	0	-nan	nan	-nan
152: -0.774911	0.770826	0	0	0	0	0	-nan	nan	-nan
153: -0.778911	0.806826	0	0	0	0	0	-nan	nan	-nan
