total: 23
#4

#	x	y	z	q1	q2	q3	q4		roll	pitch	yaw
0: 0	0	0	0	0	0	0	-nan	nan	-nan
1: 0	0	0	0	0	0	0	-nan	nan	-nan
2: 0	0	0	0	0	0	0	-nan	nan	-nan
3: 0	0	0	0	0	0	0	-nan	nan	-nan
4: 0	0	0	0	0	0	0	-nan	nan	-nan
5: 0	0	0	0	0	0	0	-nan	nan	-nan
6: 0	0	0	0	0	0	0	-nan	nan	-nan
7: 0	0	0	0	0	0	0	-nan	nan	-nan
8: 0	0	0	0	0	0	0	-nan	nan	-nan
9: 0	0	0	0	0	0	0	-nan	nan	-nan
10: 0	0	0	0	0	0	0	-nan	nan	-nan
11: 0	0	0	0	0	0	0	-nan	nan	-nan
12: 0	0.013	0	0	0	0	0	-nan	nan	-nan
13: -1.56894e-11	0.026	0	0	0	0	0	-nan	nan	-nan
14: -1.09919e-11	0.0261112	0	0	0	0	0	-nan	nan	-nan
15: -3.6511e-11	0.0261077	0	0	0	0	0	-nan	nan	-nan
16: 3.19209e-11	0.0261076	0	0	0	0	0	-nan	nan	-nan
17: -1.15074e-10	0.0261076	0	0	0	0	0	-nan	nan	-nan
18: -8.92849e-11	0.0261076	0	0	0	0	0	-nan	nan	-nan
19: -3.68306e-11	0.0261076	0	0	0	0	0	-nan	nan	-nan
20: -1.27692e-10	0.0261076	0	0	0	0	0	-nan	nan	-nan
21: -7.07314e-11	0.0261076	0	0	0	0	0	-nan	nan	-nan
22: -2.70324e-11	0.0431076	0	0	0	0	0	-nan	nan	-nan
