total: 75
#4

#	x	y	z	q1	q2	q3	q4		roll	pitch	yaw
0: 0	0	0	0	0	0	0	-nan	nan	-nan
1: 0	0	0	0	0	0	0	-nan	nan	-nan
2: 0	0	0	0	0	0	0	-nan	nan	-nan
3: 0	0	0	0	0	0	0	-nan	nan	-nan
4: 0	0	0	0	0	0	0	-nan	nan	-nan
5: 0	0	0	0	0	0	0	-nan	nan	-nan
6: 0	0	0	0	0	0	0	-nan	nan	-nan
7: 0	0	0	0	0	0	0	-nan	nan	-nan
8: 0	0	0	0	0	0	0	-nan	nan	-nan
9: 0	0	0	0	0	0	0	-nan	nan	-nan
10: 0	0	0	0	0	0	0	-nan	nan	-nan
11: 0	0	0	0	0	0	0	-nan	nan	-nan
12: 0	0	0	0	0	0	0	-nan	nan	-nan
13: 0	0	0	0	0	0	0	-nan	nan	-nan
14: 0	0	0	0	0	0	0	-nan	nan	-nan
15: 0	0	0	0	0	0	0	-nan	nan	-nan
16: 0	0	0	0	0	0	0	-nan	nan	-nan
17: 0	0	0	0	0	0	0	-nan	nan	-nan
18: 0	0	0	0	0	0	0	-nan	nan	-nan
19: 0	0	0	0	0	0	0	-nan	nan	-nan
20: 0	0	0	0	0	0	0	-nan	nan	-nan
21: 0	0	0	0	0	0	0	-nan	nan	-nan
22: 0	0	0	0	0	0	0	-nan	nan	-nan
23: 0	0	0	0	0	0	0	-nan	nan	-nan
24: 0	0	0	0	0	0	0	-nan	nan	-nan
25: 0	0	0	0	0	0	0	-nan	nan	-nan
26: 0	0	0	0	0	0	0	-nan	nan	-nan
27: 0	0	0	0	0	0	0	-nan	nan	-nan
28: 0	0	0	0	0	0	0	-nan	nan	-nan
29: 0	0	0	0	0	0	0	-nan	nan	-nan
30: 0	0	0	0	0	0	0	-nan	nan	-nan
31: 0	0	0	0	0	0	0	-nan	nan	-nan
32: 0	0	0	0	0	0	0	-nan	nan	-nan
33: 0	0	0	0	0	0	0	-nan	nan	-nan
34: 0	0	0	0	0	0	0	-nan	nan	-nan
35: 0	0	0	0	0	0	0	-nan	nan	-nan
36: 0	0	0	0	0	0	0	-nan	nan	-nan
37: 0	0	0	0	0	0	0	-nan	nan	-nan
38: 0	0	0	0	0	0	0	-nan	nan	-nan
39: 0	0	0	0	0	0	0	-nan	nan	-nan
40: 0	0	0	0	0	0	0	-nan	nan	-nan
41: 0	0	0	0	0	0	0	-nan	nan	-nan
42: 0	0	0	0	0	0	0	-nan	nan	-nan
43: 0	0	0	0	0	0	0	-nan	nan	-nan
44: 0	0	0	0	0	0	0	-nan	nan	-nan
45: 0	0	0	0	0	0	0	-nan	nan	-nan
46: 0	0	0	0	0	0	0	-nan	nan	-nan
47: 0	0	0	0	0	0	0	-nan	nan	-nan
48: 0	0	0	0	0	0	0	-nan	nan	-nan
49: 0	0	0	0	0	0	0	-nan	nan	-nan
50: 0	0	0	0	0	0	0	-nan	nan	-nan
51: 0	0	0	0	0	0	0	-nan	nan	-nan
52: 0	0	0	0	0	0	0	-nan	nan	-nan
53: 0	0.013	0	0	0	0	0	-nan	nan	-nan
54: 0	0.026	0	0	0	0	0	-nan	nan	-nan
55: 2.85038e-11	0.039	0	0	0	0	0	-nan	nan	-nan
56: -5.94958e-11	0.0391112	0	0	0	0	0	-nan	nan	-nan
57: 4.3781e-11	0.0391077	0	0	0	0	0	-nan	nan	-nan
58: -1.04237e-11	0.0391076	0	0	0	0	0	-nan	nan	-nan
59: -1.22195e-10	0.0391076	0	0	0	0	0	-nan	nan	-nan
60: -4.7003e-11	0.0391076	0	0	0	0	0	-nan	nan	-nan
61: 3.67021e-11	0.0391076	0	0	0	0	0	-nan	nan	-nan
62: -8.526e-11	0.0391076	0	0	0	0	0	-nan	nan	-nan
63: -7.2264e-12	0.0391076	0	0	0	0	0	-nan	nan	-nan
64: -2.03088e-10	0.0391076	0	0	0	0	0	-nan	nan	-nan
65: -2.83445e-11	0.0391076	0	0	0	0	0	-nan	nan	-nan
66: -6.62171e-11	0.0391076	0	0	0	0	0	-nan	nan	-nan
67: -6.80972e-11	0.0391076	0	0	0	0	0	-nan	nan	-nan
68: -2.64494e-11	0.0391076	0	0	0	0	0	-nan	nan	-nan
69: -7.0284e-12	0.0391076	0	0	0	0	0	-nan	nan	-nan
70: 2.81311e-11	0.0391076	0	0	0	0	0	-nan	nan	-nan
71: -5.18534e-11	0.0391076	0	0	0	0	0	-nan	nan	-nan
72: 6.79675e-13	0.0391076	0	0	0	0	0	-nan	nan	-nan
73: 7.47519e-11	0.0391404	0	0	0	0	0	-nan	nan	-nan
74: -1.50905e-10	0.0561404	0	0	0	0	0	-nan	nan	-nan
