total: 55
#3

#	x	y	z	q1	q2	q3	q4		roll	pitch	yaw
0: 0	0	0	0	0	0	0	-nan	nan	-nan
1: 0	0	0	0	0	0	0	-nan	nan	-nan
2: 0	0	0	0	0	0	0	-nan	nan	-nan
3: 0	0	0	0	0	0	0	-nan	nan	-nan
4: 0	0	0	0	0	0	0	-nan	nan	-nan
5: 0	0	0	0	0	0	0	-nan	nan	-nan
6: 0	0	0	0	0	0	0	-nan	nan	-nan
7: 0	0	0	0	0	0	0	-nan	nan	-nan
8: 0	0	0	0	0	0	0	-nan	nan	-nan
9: 0	0	0	0	0	0	0	-nan	nan	-nan
10: 0	0	0	0	0	0	0	-nan	nan	-nan
11: 0	0	0	0	0	0	0	-nan	nan	-nan
12: 0	0	0	0	0	0	0	-nan	nan	-nan
13: 0	0	0	0	0	0	0	-nan	nan	-nan
14: 0	0	0	0	0	0	0	-nan	nan	-nan
15: 0	0	0	0	0	0	0	-nan	nan	-nan
16: 0	0	0	0	0	0	0	-nan	nan	-nan
17: 0	0	0	0	0	0	0	-nan	nan	-nan
18: 0	0	0	0	0	0	0	-nan	nan	-nan
19: 0	0	0	0	0	0	0	-nan	nan	-nan
20: 0	0	0	0	0	0	0	-nan	nan	-nan
21: 0	0	0	0	0	0	0	-nan	nan	-nan
22: 0	0	0	0	0	0	0	-nan	nan	-nan
23: 0	0	0	0	0	0	0	-nan	nan	-nan
24: 0	0	0	0	0	0	0	-nan	nan	-nan
25: 0	0	0	0	0	0	0	-nan	nan	-nan
26: 0	0	0	0	0	0	0	-nan	nan	-nan
27: 0	0	0	0	0	0	0	-nan	nan	-nan
28: 0	0	0	0	0	0	0	-nan	nan	-nan
29: 0	0	0	0	0	0	0	-nan	nan	-nan
30: 0	0	0	0	0	0	0	-nan	nan	-nan
31: 0	0	0	0	0	0	0	-nan	nan	-nan
32: 0	0	0	0	0	0	0	-nan	nan	-nan
33: 0	0	0	0	0	0	0	-nan	nan	-nan
34: 0	0	0	0	0	0	0	-nan	nan	-nan
35: 0	0	0	0	0	0	0	-nan	nan	-nan
36: 0	0	0	0	0	0	0	-nan	nan	-nan
37: 0	0	0	0	0	0	0	-nan	nan	-nan
38: 0	0	0	0	0	0	0	-nan	nan	-nan
39: 0	0	0	0	0	0	0	-nan	nan	-nan
40: 0	0	0	0	0	0	0	-nan	nan	-nan
41: 0	0	0	0	0	0	0	-nan	nan	-nan
42: 0	0	0	0	0	0	0	-nan	nan	-nan
43: 0	0	0	0	0	0	0	-nan	nan	-nan
44: 0	0	0	0	0	0	0	-nan	nan	-nan
45: 0	0	0	0	0	0	0	-nan	nan	-nan
46: 0	0	0	0	0	0	0	-nan	nan	-nan
47: 0	0	0	0	0	0	0	-nan	nan	-nan
48: 0	0	0	0	0	0	0	-nan	nan	-nan
49: 0	0	0	0	0	0	0	-nan	nan	-nan
50: 0	0	0	0	0	0	0	-nan	nan	-nan
51: 0	0	0	0	0	0	0	-nan	nan	-nan
52: 0	0	0	0	0	0	0	-nan	nan	-nan
53: 0	0.013	0	0	0	0	0	-nan	nan	-nan
54: 0	0.026	0	0	0	0	0	-nan	nan	-nan
